<?xml version="1.0" encoding="UTF-8"?>
<testsuite name="Buy product" tests="1" skipped="0" failures="0" errors="0" timestamp="2019-08-09T04:35:43" hostname="SBMEDLAPPROBL1" time="44.985">
  <properties/>
  <testcase name="Buy a sixpack beer" classname="Buy product" time="44.985"/>
  <system-out><![CDATA[]]></system-out>
  <system-err><![CDATA[ago 08, 2019 11:35:43 PM org.openqa.selenium.remote.DesiredCapabilities chrome
INFORMACIÓN: Using `new ChromeOptions()` is preferred to `DesiredCapabilities.chrome()`
Starting ChromeDriver 76.0.3809.68 (420c9498db8ce8fcd190a954d51297672c1515d5-refs/branch-heads/3809@{#864}) on port 12933
Only local connections are allowed.
Please protect ports used by ChromeDriver and related test frameworks to prevent access by malicious code.
ago 08, 2019 11:35:53 PM org.openqa.selenium.remote.ProtocolHandshake createSession
INFORMACIÓN: Detected dialect: W3C
[Test worker] INFO net.thucydides.core.steps.ConsoleLoggingListener - 
        __    _____ _____ ____ _____   ____   _    ____  ____  _____ ____  
  _     \ \  |_   _| ____/ ___|_   _| |  _ \ / \  / ___|/ ___|| ____|  _ \ 
 (_)_____| |   | | |  _| \___ \ | |   | |_) / _ \ \___ \\___ \|  _| | | | |
  _|_____| |   | | | |___ ___) || |   |  __/ ___ \ ___) |___) | |___| |_| |
 (_)     | |   |_| |_____|____/ |_|   |_| /_/   \_\____/|____/|_____|____/ 
        /_/                                                                

TEST PASSED: Buy a sixpack beer
----------------------------------------------------------------------------
]]></system-err>
</testsuite>
